2025-01-19 18:57:06,343 - INFO - Log salvato in: execution_logs\script_execution_2025-01-19_18-57-06.log
2025-01-19 18:57:06,343 - INFO - Inizio esecuzione script principale.
2025-01-19 18:57:06,343 - INFO - Step 1: Backup del database e troncamento delle tabelle.
2025-01-19 18:57:06,383 - INFO - package: mysql.connector.plugins
2025-01-19 18:57:06,383 - INFO - plugin_name: caching_sha2_password
2025-01-19 18:57:06,383 - INFO - AUTHENTICATION_PLUGIN_CLASS: MySQLCachingSHA2PasswordAuthPlugin
2025-01-19 18:57:06,781 - INFO - Backup del database completato: db_history\backup_2025-01-19_18-57-06.sql
2025-01-19 18:57:09,345 - INFO - Backup e troncamento completati con successo.
2025-01-19 18:57:09,346 - INFO - Step 2: Estrazione dei rappresentanti della commissione.
2025-01-19 18:57:12,667 - INFO - Estrazione dei rappresentanti completata.
2025-01-19 18:57:12,668 - INFO - Step 3: Raccolta degli ID dei lobbisti.
2025-01-19 18:57:12,668 - INFO - Scraping letter A...
2025-01-19 18:57:58,664 - INFO - Scraping letter B...
2025-01-19 18:58:17,766 - INFO - Scraping letter C...
2025-01-19 18:58:49,638 - INFO - Scraping letter D...
2025-01-19 18:59:05,327 - INFO - Scraping letter E...
2025-01-19 18:59:58,182 - INFO - Scraping letter F...
2025-01-19 19:00:25,783 - INFO - Scraping letter G...
2025-01-19 19:00:37,113 - INFO - Scraping letter H...
2025-01-19 19:00:46,382 - INFO - Scraping letter I...
2025-01-19 19:01:10,172 - INFO - Scraping letter J...
2025-01-19 19:01:13,283 - INFO - Scraping letter K...
2025-01-19 19:01:20,040 - INFO - Scraping letter L...
2025-01-19 19:01:29,296 - INFO - Scraping letter M...
2025-01-19 19:01:42,418 - INFO - Scraping letter N...
2025-01-19 19:01:53,001 - INFO - Scraping letter O...
2025-01-19 19:02:01,011 - INFO - Scraping letter P...
2025-01-19 19:02:16,263 - INFO - Scraping letter Q...
2025-01-19 19:02:17,295 - INFO - Scraping letter R...
2025-01-19 19:02:27,809 - INFO - Scraping letter S...
2025-01-19 19:02:57,895 - INFO - Scraping letter T...
2025-01-19 19:03:15,531 - INFO - Scraping letter U...
2025-01-19 19:03:25,638 - INFO - Scraping letter V...
2025-01-19 19:03:36,443 - INFO - Scraping letter W...
2025-01-19 19:03:43,559 - INFO - Scraping letter X...
2025-01-19 19:03:44,326 - INFO - Scraping letter Y...
2025-01-19 19:03:45,593 - INFO - Scraping letter Z...
2025-01-19 19:03:48,112 - INFO - Raccolta ID lobbisti completata.
2025-01-19 19:03:48,112 - INFO - Step 4: Elaborazione dei lobbisti.
2025-01-19 19:03:48,210 - INFO - Processing lobbyist ID: 000075850398-74
2025-01-19 19:03:48,484 - ERROR - Errore durante l'elaborazione dei lobbisti: [Errno 2] No such file or directory: 'countries_mapping.yml'
2025-01-19 19:03:48,484 - ERROR - Errore critico: [Errno 2] No such file or directory: 'countries_mapping.yml'. Terminazione dello script.
